<?xml version="1.0" encoding="UTF-8"?>
<!-- Generated by org.testng.reporters.JUnitReportReporter -->
<testsuite skipped="0" hostname="Mds-MacBook-Pro.local" name="com.test.NewTest" tests="2" failures="0" timestamp="2021-07-02T19:53:27 EDT" time="11.605" errors="0">
  <testcase name="validTtile" time="4.474" classname="com.test.NewTest"/>
  <system-out/>
  <testcase name="navigatetoWebsite" time="7.131" classname="com.test.NewTest"/>
  <system-out/>
</testsuite> <!-- com.test.NewTest -->
